   1              		.cpu cortex-m3
   2              		.eabi_attribute 20, 1
   3              		.eabi_attribute 21, 1
   4              		.eabi_attribute 23, 3
   5              		.eabi_attribute 24, 1
   6              		.eabi_attribute 25, 1
   7              		.eabi_attribute 26, 1
   8              		.eabi_attribute 30, 6
   9              		.eabi_attribute 34, 1
  10              		.eabi_attribute 18, 4
  11              		.file	"flash_common_all.c"
  12              		.text
  13              	.Ltext0:
  14              		.cfi_sections	.debug_frame
  15              		.section	.text.flash_prefetch_enable,"ax",%progbits
  16              		.align	1
  17              		.global	flash_prefetch_enable
  18              		.arch armv7-m
  19              		.syntax unified
  20              		.thumb
  21              		.thumb_func
  22              		.fpu softvfp
  24              	flash_prefetch_enable:
  25              	.LFB0:
  26              		.file 1 "../libopencm3/lib/stm32/common/flash_common_all.c"
   1:../libopencm3/lib/stm32/common/flash_common_all.c **** /** @addtogroup flash_file FLASH peripheral API
   2:../libopencm3/lib/stm32/common/flash_common_all.c ****  * @ingroup peripheral_apis
   3:../libopencm3/lib/stm32/common/flash_common_all.c ****  */
   4:../libopencm3/lib/stm32/common/flash_common_all.c **** 
   5:../libopencm3/lib/stm32/common/flash_common_all.c **** /*
   6:../libopencm3/lib/stm32/common/flash_common_all.c ****  * This file is part of the libopencm3 project.
   7:../libopencm3/lib/stm32/common/flash_common_all.c ****  *
   8:../libopencm3/lib/stm32/common/flash_common_all.c ****  * This library is free software: you can redistribute it and/or modify
   9:../libopencm3/lib/stm32/common/flash_common_all.c ****  * it under the terms of the GNU Lesser General Public License as published by
  10:../libopencm3/lib/stm32/common/flash_common_all.c ****  * the Free Software Foundation, either version 3 of the License, or
  11:../libopencm3/lib/stm32/common/flash_common_all.c ****  * (at your option) any later version.
  12:../libopencm3/lib/stm32/common/flash_common_all.c ****  *
  13:../libopencm3/lib/stm32/common/flash_common_all.c ****  * This library is distributed in the hope that it will be useful,
  14:../libopencm3/lib/stm32/common/flash_common_all.c ****  * but WITHOUT ANY WARRANTY; without even the implied warranty of
  15:../libopencm3/lib/stm32/common/flash_common_all.c ****  * MERCHANTABILITY or FITNESS FOR A PARTICULAR PURPOSE.  See the
  16:../libopencm3/lib/stm32/common/flash_common_all.c ****  * GNU Lesser General Public License for more details.
  17:../libopencm3/lib/stm32/common/flash_common_all.c ****  *
  18:../libopencm3/lib/stm32/common/flash_common_all.c ****  * You should have received a copy of the GNU Lesser General Public License
  19:../libopencm3/lib/stm32/common/flash_common_all.c ****  * along with this library.  If not, see <http://www.gnu.org/licenses/>.
  20:../libopencm3/lib/stm32/common/flash_common_all.c ****  */
  21:../libopencm3/lib/stm32/common/flash_common_all.c **** 
  22:../libopencm3/lib/stm32/common/flash_common_all.c **** /**@{*/
  23:../libopencm3/lib/stm32/common/flash_common_all.c **** 
  24:../libopencm3/lib/stm32/common/flash_common_all.c **** #include <libopencm3/stm32/flash.h>
  25:../libopencm3/lib/stm32/common/flash_common_all.c **** 
  26:../libopencm3/lib/stm32/common/flash_common_all.c **** void flash_prefetch_enable(void)
  27:../libopencm3/lib/stm32/common/flash_common_all.c **** {
  27              		.loc 1 27 1
  28              		.cfi_startproc
  29              		@ args = 0, pretend = 0, frame = 0
  30              		@ frame_needed = 1, uses_anonymous_args = 0
  31              		@ link register save eliminated.
  32 0000 80B4     		push	{r7}
  33              		.cfi_def_cfa_offset 4
  34              		.cfi_offset 7, -4
  35 0002 00AF     		add	r7, sp, #0
  36              		.cfi_def_cfa_register 7
  28:../libopencm3/lib/stm32/common/flash_common_all.c **** 	FLASH_ACR |= FLASH_ACR_PRFTEN;
  37              		.loc 1 28 12
  38 0004 044B     		ldr	r3, .L2
  39 0006 1B68     		ldr	r3, [r3]
  40 0008 034A     		ldr	r2, .L2
  41 000a 43F01003 		orr	r3, r3, #16
  42 000e 1360     		str	r3, [r2]
  29:../libopencm3/lib/stm32/common/flash_common_all.c **** }
  43              		.loc 1 29 1
  44 0010 00BF     		nop
  45 0012 BD46     		mov	sp, r7
  46              		.cfi_def_cfa_register 13
  47              		@ sp needed
  48 0014 80BC     		pop	{r7}
  49              		.cfi_restore 7
  50              		.cfi_def_cfa_offset 0
  51 0016 7047     		bx	lr
  52              	.L3:
  53              		.align	2
  54              	.L2:
  55 0018 00200240 		.word	1073881088
  56              		.cfi_endproc
  57              	.LFE0:
  59              		.section	.text.flash_prefetch_disable,"ax",%progbits
  60              		.align	1
  61              		.global	flash_prefetch_disable
  62              		.syntax unified
  63              		.thumb
  64              		.thumb_func
  65              		.fpu softvfp
  67              	flash_prefetch_disable:
  68              	.LFB1:
  30:../libopencm3/lib/stm32/common/flash_common_all.c **** 
  31:../libopencm3/lib/stm32/common/flash_common_all.c **** void flash_prefetch_disable(void)
  32:../libopencm3/lib/stm32/common/flash_common_all.c **** {
  69              		.loc 1 32 1
  70              		.cfi_startproc
  71              		@ args = 0, pretend = 0, frame = 0
  72              		@ frame_needed = 1, uses_anonymous_args = 0
  73              		@ link register save eliminated.
  74 0000 80B4     		push	{r7}
  75              		.cfi_def_cfa_offset 4
  76              		.cfi_offset 7, -4
  77 0002 00AF     		add	r7, sp, #0
  78              		.cfi_def_cfa_register 7
  33:../libopencm3/lib/stm32/common/flash_common_all.c **** 	FLASH_ACR &= ~FLASH_ACR_PRFTEN;
  79              		.loc 1 33 12
  80 0004 044B     		ldr	r3, .L5
  81 0006 1B68     		ldr	r3, [r3]
  82 0008 034A     		ldr	r2, .L5
  83 000a 23F01003 		bic	r3, r3, #16
  84 000e 1360     		str	r3, [r2]
  34:../libopencm3/lib/stm32/common/flash_common_all.c **** }
  85              		.loc 1 34 1
  86 0010 00BF     		nop
  87 0012 BD46     		mov	sp, r7
  88              		.cfi_def_cfa_register 13
  89              		@ sp needed
  90 0014 80BC     		pop	{r7}
  91              		.cfi_restore 7
  92              		.cfi_def_cfa_offset 0
  93 0016 7047     		bx	lr
  94              	.L6:
  95              		.align	2
  96              	.L5:
  97 0018 00200240 		.word	1073881088
  98              		.cfi_endproc
  99              	.LFE1:
 101              		.section	.text.flash_set_ws,"ax",%progbits
 102              		.align	1
 103              		.global	flash_set_ws
 104              		.syntax unified
 105              		.thumb
 106              		.thumb_func
 107              		.fpu softvfp
 109              	flash_set_ws:
 110              	.LFB2:
  35:../libopencm3/lib/stm32/common/flash_common_all.c **** 
  36:../libopencm3/lib/stm32/common/flash_common_all.c **** void flash_set_ws(uint32_t ws)
  37:../libopencm3/lib/stm32/common/flash_common_all.c **** {
 111              		.loc 1 37 1
 112              		.cfi_startproc
 113              		@ args = 0, pretend = 0, frame = 16
 114              		@ frame_needed = 1, uses_anonymous_args = 0
 115              		@ link register save eliminated.
 116 0000 80B4     		push	{r7}
 117              		.cfi_def_cfa_offset 4
 118              		.cfi_offset 7, -4
 119 0002 85B0     		sub	sp, sp, #20
 120              		.cfi_def_cfa_offset 24
 121 0004 00AF     		add	r7, sp, #0
 122              		.cfi_def_cfa_register 7
 123 0006 7860     		str	r0, [r7, #4]
  38:../libopencm3/lib/stm32/common/flash_common_all.c **** 	uint32_t reg32;
  39:../libopencm3/lib/stm32/common/flash_common_all.c **** 
  40:../libopencm3/lib/stm32/common/flash_common_all.c **** 	reg32 = FLASH_ACR;
 124              		.loc 1 40 10
 125 0008 094B     		ldr	r3, .L8
 126              		.loc 1 40 8
 127 000a 1B68     		ldr	r3, [r3]
 128 000c FB60     		str	r3, [r7, #12]
  41:../libopencm3/lib/stm32/common/flash_common_all.c **** 	reg32 &= ~(FLASH_ACR_LATENCY_MASK << FLASH_ACR_LATENCY_SHIFT);
 129              		.loc 1 41 8
 130 000e FB68     		ldr	r3, [r7, #12]
 131 0010 23F00703 		bic	r3, r3, #7
 132 0014 FB60     		str	r3, [r7, #12]
  42:../libopencm3/lib/stm32/common/flash_common_all.c **** 	reg32 |= (ws << FLASH_ACR_LATENCY_SHIFT);
 133              		.loc 1 42 8
 134 0016 FA68     		ldr	r2, [r7, #12]
 135 0018 7B68     		ldr	r3, [r7, #4]
 136 001a 1343     		orrs	r3, r3, r2
 137 001c FB60     		str	r3, [r7, #12]
  43:../libopencm3/lib/stm32/common/flash_common_all.c **** 	FLASH_ACR = reg32;
 138              		.loc 1 43 2
 139 001e 044A     		ldr	r2, .L8
 140              		.loc 1 43 12
 141 0020 FB68     		ldr	r3, [r7, #12]
 142 0022 1360     		str	r3, [r2]
  44:../libopencm3/lib/stm32/common/flash_common_all.c **** }
 143              		.loc 1 44 1
 144 0024 00BF     		nop
 145 0026 1437     		adds	r7, r7, #20
 146              		.cfi_def_cfa_offset 4
 147 0028 BD46     		mov	sp, r7
 148              		.cfi_def_cfa_register 13
 149              		@ sp needed
 150 002a 80BC     		pop	{r7}
 151              		.cfi_restore 7
 152              		.cfi_def_cfa_offset 0
 153 002c 7047     		bx	lr
 154              	.L9:
 155 002e 00BF     		.align	2
 156              	.L8:
 157 0030 00200240 		.word	1073881088
 158              		.cfi_endproc
 159              	.LFE2:
 161              		.section	.text.flash_unlock_option_bytes,"ax",%progbits
 162              		.align	1
 163              		.global	flash_unlock_option_bytes
 164              		.syntax unified
 165              		.thumb
 166              		.thumb_func
 167              		.fpu softvfp
 169              	flash_unlock_option_bytes:
 170              	.LFB3:
  45:../libopencm3/lib/stm32/common/flash_common_all.c **** 
  46:../libopencm3/lib/stm32/common/flash_common_all.c **** void flash_unlock_option_bytes(void)
  47:../libopencm3/lib/stm32/common/flash_common_all.c **** {
 171              		.loc 1 47 1
 172              		.cfi_startproc
 173              		@ args = 0, pretend = 0, frame = 0
 174              		@ frame_needed = 1, uses_anonymous_args = 0
 175              		@ link register save eliminated.
 176 0000 80B4     		push	{r7}
 177              		.cfi_def_cfa_offset 4
 178              		.cfi_offset 7, -4
 179 0002 00AF     		add	r7, sp, #0
 180              		.cfi_def_cfa_register 7
  48:../libopencm3/lib/stm32/common/flash_common_all.c **** 	FLASH_OPTKEYR = FLASH_OPTKEYR_KEY1;
 181              		.loc 1 48 2
 182 0004 044B     		ldr	r3, .L11
 183              		.loc 1 48 16
 184 0006 054A     		ldr	r2, .L11+4
 185 0008 1A60     		str	r2, [r3]
  49:../libopencm3/lib/stm32/common/flash_common_all.c **** 	FLASH_OPTKEYR = FLASH_OPTKEYR_KEY2;
 186              		.loc 1 49 2
 187 000a 034B     		ldr	r3, .L11
 188              		.loc 1 49 16
 189 000c 044A     		ldr	r2, .L11+8
 190 000e 1A60     		str	r2, [r3]
  50:../libopencm3/lib/stm32/common/flash_common_all.c **** }
 191              		.loc 1 50 1
 192 0010 00BF     		nop
 193 0012 BD46     		mov	sp, r7
 194              		.cfi_def_cfa_register 13
 195              		@ sp needed
 196 0014 80BC     		pop	{r7}
 197              		.cfi_restore 7
 198              		.cfi_def_cfa_offset 0
 199 0016 7047     		bx	lr
 200              	.L12:
 201              		.align	2
 202              	.L11:
 203 0018 08200240 		.word	1073881096
 204 001c 23016745 		.word	1164378403
 205 0020 AB89EFCD 		.word	-839939669
 206              		.cfi_endproc
 207              	.LFE3:
 209              		.text
 210              	.Letext0:
 211              		.file 2 "/home/toolchain/gcc-arm-none-eabi-8-2019-q3-update/arm-none-eabi/include/machine/_default
 212              		.file 3 "/home/toolchain/gcc-arm-none-eabi-8-2019-q3-update/arm-none-eabi/include/sys/_stdint.h"
DEFINED SYMBOLS
                            *ABS*:0000000000000000 flash_common_all.c
     /tmp/ccDiKvx6.s:16     .text.flash_prefetch_enable:0000000000000000 $t
     /tmp/ccDiKvx6.s:24     .text.flash_prefetch_enable:0000000000000000 flash_prefetch_enable
     /tmp/ccDiKvx6.s:55     .text.flash_prefetch_enable:0000000000000018 $d
     /tmp/ccDiKvx6.s:60     .text.flash_prefetch_disable:0000000000000000 $t
     /tmp/ccDiKvx6.s:67     .text.flash_prefetch_disable:0000000000000000 flash_prefetch_disable
     /tmp/ccDiKvx6.s:97     .text.flash_prefetch_disable:0000000000000018 $d
     /tmp/ccDiKvx6.s:102    .text.flash_set_ws:0000000000000000 $t
     /tmp/ccDiKvx6.s:109    .text.flash_set_ws:0000000000000000 flash_set_ws
     /tmp/ccDiKvx6.s:157    .text.flash_set_ws:0000000000000030 $d
     /tmp/ccDiKvx6.s:162    .text.flash_unlock_option_bytes:0000000000000000 $t
     /tmp/ccDiKvx6.s:169    .text.flash_unlock_option_bytes:0000000000000000 flash_unlock_option_bytes
     /tmp/ccDiKvx6.s:203    .text.flash_unlock_option_bytes:0000000000000018 $d
                           .group:0000000000000000 wm4.0.5634517379934ab330ad1f3d5297a544
                           .group:0000000000000000 wm4.common.h.21.c9066c2f6b12c71b40226ea6107829a4
                           .group:0000000000000000 wm4._newlib_version.h.4.9ba035841e762c3308916a0ce96032e7
                           .group:0000000000000000 wm4.features.h.33.318b64d71e0957639cfb30f1db1f7ec8
                           .group:0000000000000000 wm4._default_types.h.15.247e5cd201eca3442cbf5404108c4935
                           .group:0000000000000000 wm4._intsup.h.10.48bafbb683905c4daa4565a85aeeb264
                           .group:0000000000000000 wm4._stdint.h.10.c24fa3af3bc1706662bb5593a907e841
                           .group:0000000000000000 wm4.stdint.h.23.d53047a68f4a85177f80b422d52785ed
                           .group:0000000000000000 wm4.stdbool.h.29.07dce69c3b78884144b7f7bd19483461
                           .group:0000000000000000 wm4.common.h.67.5c568a1f62c8e726909b04e29f9e1fc0
                           .group:0000000000000000 wm4.memorymap.h.21.8c90486dae5eea2d8efddd23fe5d09d9
                           .group:0000000000000000 wm4.memorymap.h.28.604d7358fc0612658e4a83c212b80b62
                           .group:0000000000000000 wm4.flash_common_f01.h.35.08a510204460b203acd9a4d6dd59edc6
                           .group:0000000000000000 wm4.flash.h.55.42f95aa46a0865597bcfe2be66f7631d

NO UNDEFINED SYMBOLS
